\BOOKMARK [1][-]{section.1}{1 Definicions}{}% 1
\BOOKMARK [1][-]{section.2}{2 Sistemes de Coordenades}{}% 2
\BOOKMARK [2][-]{subsection.2.1}{2.1 Relacions entre les coordenades cartesianes i cil\355ndriques}{section.2}% 3
\BOOKMARK [2][-]{subsection.2.2}{2.2 Relacions entre les coordenades cartesianes i esf\350riques}{section.2}% 4
\BOOKMARK [2][-]{subsection.2.3}{2.3 Relacions entre les coordenades cil\355ndriques i esf\350riques}{section.2}% 5
\BOOKMARK [1][-]{section.3}{3 Operacions B\340siques}{}% 6
\BOOKMARK [2][-]{subsection.3.1}{3.1 M\362dul}{section.3}% 7
\BOOKMARK [2][-]{subsection.3.2}{3.2 Addici\363 i substracci\363}{section.3}% 8
\BOOKMARK [2][-]{subsection.3.3}{3.3 Producte escalar}{section.3}% 9
\BOOKMARK [2][-]{subsection.3.4}{3.4 Producte vectorial}{section.3}% 10
\BOOKMARK [2][-]{subsection.3.5}{3.5 Derivada temporal}{section.3}% 11
\BOOKMARK [1][-]{section.4}{4 C\340lcul Diferencial }{}% 12
\BOOKMARK [2][-]{subsection.4.1}{4.1 Coordenades cartesianes}{section.4}% 13
\BOOKMARK [2][-]{subsection.4.2}{4.2 Coordenades cil\355ndriques}{section.4}% 14
\BOOKMARK [2][-]{subsection.4.3}{4.3 Coordenades esf\350riques}{section.4}% 15
\BOOKMARK [1][-]{section.5}{5 Relacions}{}% 16
\BOOKMARK [2][-]{subsection.5.1}{5.1 Operadors}{section.5}% 17
\BOOKMARK [2][-]{subsection.5.2}{5.2 Identitats}{section.5}% 18
\BOOKMARK [2][-]{subsection.5.3}{5.3 Gradient}{section.5}% 19
\BOOKMARK [2][-]{subsection.5.4}{5.4 Diverg\350ncia}{section.5}% 20
\BOOKMARK [2][-]{subsection.5.5}{5.5 Rotacional}{section.5}% 21
\BOOKMARK [1][-]{section.6}{6 Teoremes Vectorials}{}% 22
\BOOKMARK [2][-]{subsection.6.1}{6.1 Teorema fonamental del gradient}{section.6}% 23
\BOOKMARK [2][-]{subsection.6.2}{6.2 Teorema fonamental de la diverg\350ncia \(tamb\351 anomenat de Gauss o de Green\)}{section.6}% 24
\BOOKMARK [2][-]{subsection.6.3}{6.3 Teorema fonamental del rotacional \(tamb\351 anomenat d'Stokes\)}{section.6}% 25
\BOOKMARK [2][-]{subsection.6.4}{6.4 Teorema del gradient}{section.6}% 26
\BOOKMARK [2][-]{subsection.6.5}{6.5 Teorema del rotacional}{section.6}% 27
\BOOKMARK [1][-]{section.7}{7 Bibliografia}{}% 28
